13:07:11| finished reading file
13:07:12| Retrieved: Nute Gunray
13:07:12| Retrieved: Padmé Amidala
13:07:12| Retrieved: Wicket Systri Warrick
13:07:12| Retrieved: Ki-Adi-Mundi
13:07:12| Retrieved: Wedge Antilles
13:07:12| Retrieved: Bail Prestor Organa
13:07:12| Retrieved: Obi-Wan Kenobi
13:07:12| Retrieved: Plo Koon
13:07:12| Retrieved: Grievous
13:07:12| Retrieved: Shaak Ti
13:07:12| Retrieved: R5-D4
13:07:12| Retrieved: Leia Organa
13:07:12| Retrieved: R2-D2
13:07:12| Retrieved: Kit Fisto
13:07:12| Retrieved: Poggle the Lesser
13:07:12| Retrieved: Ayla Secura
13:07:12| Retrieved: Mace Windu
13:07:12| Retrieved: Sly Moore
13:07:12| Retrieved: Saesee Tiin
13:07:12| Retrieved: Adi Gallia
13:07:12| Retrieved: Eeth Koth
13:07:12| Retrieved: Tarfful
13:07:12| Retrieved: R4-P17
13:07:12| Retrieved: Wat Tambor
13:07:12| Retrieved: Darth Vader
13:07:12| Retrieved: Palpatine
13:07:12| Retrieved: Luke Skywalker
13:07:12| Retrieved: Wilhuff Tarkin
13:07:12| Retrieved: Tion Medon
13:07:12| Retrieved: Dooku
13:07:12| Retrieved: Raymus Antilles
13:07:12| Retrieved: Luminara Unduli
13:07:12| Retrieved: C-3PO
13:07:12| Retrieved: Owen Lars
13:07:12| Retrieved: Chewbacca
13:07:12| Retrieved: Beru Whitesun lars
13:07:12| Retrieved: Anakin Skywalker
13:07:12| Retrieved: Yoda
13:07:12| Time to process all URLS = 1.09545720
