21:39:07| --------------------------------------------------------------------------------
21:39:07| Primes: 0
21:39:07|  
21:39:07| --------------------------------------------------------------------------------
21:39:07| Words: 0
21:39:07|  
21:39:07| --------------------------------------------------------------------------------
21:39:07| Uppercase: 0
21:39:07|  
21:39:07| --------------------------------------------------------------------------------
21:39:07| Sums: 0
21:39:07|  
21:39:07| --------------------------------------------------------------------------------
21:39:07| Names: 0
21:39:07|  
21:39:07| Number of Primes tasks: 0
21:39:07| Number of Words tasks: 0
21:39:07| Number of Uppercase tasks: 0
21:39:07| Number of Sums tasks: 0
21:39:07| Number of Names tasks: 0
21:39:07| Finished processes 5 tasks = 0.03443260
