22:15:31| Error: unknown task type upper
22:15:31| Error: unknown task type name
22:15:31| Error: unknown task type prime
22:15:31| Error: unknown task type sum
22:15:32| --------------------------------------------------------------------------------
22:15:32| Primes: 0
22:15:32|  
22:15:32| --------------------------------------------------------------------------------
22:15:32| Words: 1
22:15:32| amusement not found
22:15:32|  
22:15:32| --------------------------------------------------------------------------------
22:15:32| Uppercase: 0
22:15:32|  
22:15:32| --------------------------------------------------------------------------------
22:15:32| Sums: 0
22:15:32|  
22:15:32| --------------------------------------------------------------------------------
22:15:32| Names: 0
22:15:32|  
22:15:32| Number of Primes tasks: 0
22:15:32| Number of Words tasks: 1
22:15:32| Number of Uppercase tasks: 0
22:15:32| Number of Sums tasks: 0
22:15:32| Number of Names tasks: 0
22:15:32| Finished processes 5 tasks = 0.89185630
