22:25:56| Error: unknown task type upper
22:25:56| Error: unknown task type name
22:25:56| Error: unknown task type prime
22:25:56| Error: unknown task type sum
22:25:56| --------------------------------------------------------------------------------
22:25:56| Primes: 0
22:25:56|  
22:25:56| --------------------------------------------------------------------------------
22:25:56| Words: 1
22:25:56| length Found
22:25:56|  
22:25:56| --------------------------------------------------------------------------------
22:25:56| Uppercase: 0
22:25:56|  
22:25:56| --------------------------------------------------------------------------------
22:25:56| Sums: 0
22:25:56|  
22:25:56| --------------------------------------------------------------------------------
22:25:56| Names: 0
22:25:56|  
22:25:56| Number of Primes tasks: 0
22:25:56| Number of Words tasks: 1
22:25:56| Number of Uppercase tasks: 0
22:25:56| Number of Sums tasks: 0
22:25:56| Number of Names tasks: 0
22:25:56| Finished processes 5 tasks = 0.89255670
