22:20:32| Error: unknown task type upper
22:20:32| Error: unknown task type name
22:20:32| Error: unknown task type prime
22:20:32| Error: unknown task type sum
22:20:33| --------------------------------------------------------------------------------
22:20:33| Primes: 0
22:20:33|  
22:20:33| --------------------------------------------------------------------------------
22:20:33| Words: 1
22:20:33| amusement not found
22:20:33|  
22:20:33| --------------------------------------------------------------------------------
22:20:33| Uppercase: 0
22:20:33|  
22:20:33| --------------------------------------------------------------------------------
22:20:33| Sums: 0
22:20:33|  
22:20:33| --------------------------------------------------------------------------------
22:20:33| Names: 0
22:20:33|  
22:20:33| Number of Primes tasks: 0
22:20:33| Number of Words tasks: 1
22:20:33| Number of Uppercase tasks: 0
22:20:33| Number of Sums tasks: 0
22:20:33| Number of Names tasks: 0
22:20:33| Finished processes 5 tasks = 0.90757380
