20:55:16| --------------------------------------------------------------------------------
20:55:16| Primes: 1
20:55:16| 9638760730083 is not prime
20:55:16|  
20:55:16| --------------------------------------------------------------------------------
20:55:16| Words: 1
20:55:16| amusement not found
20:55:16|  
20:55:16| --------------------------------------------------------------------------------
20:55:16| Uppercase: 1
20:55:16| inject ==> INJECT
20:55:16|  
20:55:16| --------------------------------------------------------------------------------
20:55:16| Sums: 1
20:55:16| sum of start_vlaue:424 to end_value:694818 = total:241386284295
20:55:16|  
20:55:16| --------------------------------------------------------------------------------
20:55:16| Names: 1
20:55:16| http://127.0.0.1:8790/people/2/ has name C-3PO
20:55:16|  
20:55:16| Number of Primes tasks: 1
20:55:16| Number of Words tasks: 1
20:55:16| Number of Uppercase tasks: 1
20:55:16| Number of Sums tasks: 1
20:55:16| Number of Names tasks: 1
20:55:16| Finished processes 5 tasks = 1.05239420
