21:49:09| --------------------------------------------------------------------------------
21:49:09| Primes: 0
21:49:09|  
21:49:09| --------------------------------------------------------------------------------
21:49:09| Words: 0
21:49:09|  
21:49:09| --------------------------------------------------------------------------------
21:49:09| Uppercase: 0
21:49:09|  
21:49:09| --------------------------------------------------------------------------------
21:49:09| Sums: 0
21:49:09|  
21:49:09| --------------------------------------------------------------------------------
21:49:09| Names: 0
21:49:09|  
21:49:09| Number of Primes tasks: 0
21:49:09| Number of Words tasks: 0
21:49:09| Number of Uppercase tasks: 0
21:49:09| Number of Sums tasks: 0
21:49:09| Number of Names tasks: 0
21:49:09| Finished processes 5 tasks = 1.83990320
