21:58:08| --------------------------------------------------------------------------------
21:58:08| Primes: 1
21:58:08| 9638760730083 is not prime
21:58:08|  
21:58:08| --------------------------------------------------------------------------------
21:58:08| Words: 1
21:58:08| amusement not found
21:58:08|  
21:58:08| --------------------------------------------------------------------------------
21:58:08| Uppercase: 1
21:58:08| inject ==> INJECT
21:58:08|  
21:58:08| --------------------------------------------------------------------------------
21:58:08| Sums: 1
21:58:08| sum of start_vlaue: 424 to end_value: 694818 = total: 241386284295
21:58:08|  
21:58:08| --------------------------------------------------------------------------------
21:58:08| Names: 1
21:58:08| http://127.0.0.1:8790/people/2/ has name C-3PO
21:58:08|  
21:58:08| Number of Primes tasks: 1
21:58:08| Number of Words tasks: 1
21:58:08| Number of Uppercase tasks: 1
21:58:08| Number of Sums tasks: 1
21:58:08| Number of Names tasks: 1
21:58:08| Finished processes 5 tasks = 1.85346330
