22:23:27| Error: unknown task type upper
22:23:27| Error: unknown task type name
22:23:27| Error: unknown task type prime
22:23:27| Error: unknown task type sum
22:23:28| --------------------------------------------------------------------------------
22:23:28| Primes: 0
22:23:28|  
22:23:28| --------------------------------------------------------------------------------
22:23:28| Words: 1
22:23:28| amusement not found
22:23:28|  
22:23:28| --------------------------------------------------------------------------------
22:23:28| Uppercase: 0
22:23:28|  
22:23:28| --------------------------------------------------------------------------------
22:23:28| Sums: 0
22:23:28|  
22:23:28| --------------------------------------------------------------------------------
22:23:28| Names: 0
22:23:28|  
22:23:28| Number of Primes tasks: 0
22:23:28| Number of Words tasks: 1
22:23:28| Number of Uppercase tasks: 0
22:23:28| Number of Sums tasks: 0
22:23:28| Number of Names tasks: 0
22:23:28| Finished processes 5 tasks = 0.89432010
