21:31:16| --------------------------------------------------------------------------------
21:31:16| Primes: 0
21:31:16|  
21:31:16| --------------------------------------------------------------------------------
21:31:16| Words: 0
21:31:16|  
21:31:16| --------------------------------------------------------------------------------
21:31:16| Uppercase: 0
21:31:16|  
21:31:16| --------------------------------------------------------------------------------
21:31:16| Sums: 0
21:31:16|  
21:31:16| --------------------------------------------------------------------------------
21:31:16| Names: 0
21:31:16|  
21:31:16| Number of Primes tasks: 0
21:31:16| Number of Words tasks: 0
21:31:16| Number of Uppercase tasks: 0
21:31:16| Number of Sums tasks: 0
21:31:16| Number of Names tasks: 0
21:31:16| Finished processes 5 tasks = 0.03819480
