22:15:50| Error: unknown task type upper
22:15:50| Error: unknown task type name
22:15:50| Error: unknown task type prime
22:15:50| Error: unknown task type sum
22:15:50| --------------------------------------------------------------------------------
22:15:50| Primes: 0
22:15:50|  
22:15:50| --------------------------------------------------------------------------------
22:15:50| Words: 1
22:15:50| amusement not found
22:15:50|  
22:15:50| --------------------------------------------------------------------------------
22:15:50| Uppercase: 0
22:15:50|  
22:15:50| --------------------------------------------------------------------------------
22:15:50| Sums: 0
22:15:50|  
22:15:50| --------------------------------------------------------------------------------
22:15:50| Names: 0
22:15:50|  
22:15:50| Number of Primes tasks: 0
22:15:50| Number of Words tasks: 1
22:15:50| Number of Uppercase tasks: 0
22:15:50| Number of Sums tasks: 0
22:15:50| Number of Names tasks: 0
22:15:50| Finished processes 5 tasks = 0.88474020
