22:20:05| Error: unknown task type upper
22:20:05| Error: unknown task type name
22:20:05| Error: unknown task type prime
22:20:05| Error: unknown task type sum
22:20:06| --------------------------------------------------------------------------------
22:20:06| Primes: 0
22:20:06|  
22:20:06| --------------------------------------------------------------------------------
22:20:06| Words: 0
22:20:06|  
22:20:06| --------------------------------------------------------------------------------
22:20:06| Uppercase: 0
22:20:06|  
22:20:06| --------------------------------------------------------------------------------
22:20:06| Sums: 0
22:20:06|  
22:20:06| --------------------------------------------------------------------------------
22:20:06| Names: 0
22:20:06|  
22:20:06| Number of Primes tasks: 0
22:20:06| Number of Words tasks: 0
22:20:06| Number of Uppercase tasks: 0
22:20:06| Number of Sums tasks: 0
22:20:06| Number of Names tasks: 0
22:20:06| Finished processes 5 tasks = 0.90118750
