18:03:30| Starting to retrieve data from the server
18:03:37| -----------------------------------------------
18:03:37| Title   : Revenge of the Sith
18:03:37| Director: George Lucas
18:03:37| Producer: Rick McCallum
18:03:37| Released: 2005-05-19
18:03:37| 
18:03:37| Characters: 34
18:03:37| Luke Skywalker, C-3PO, R2-D2, Darth Vader, Leia Organa, Owen Lars, Beru Whitesun lars, Obi-Wan Kenobi, Anakin Skywalker, Wilhuff Tarkin, Chewbacca, Yoda, Palpatine, Nute Gunray, Padmé Amidala, Ayla Secura, Mace Windu, Ki-Adi-Mundi, Kit Fisto, Eeth Koth, Adi Gallia, Saesee Tiin, Plo Koon, Poggle the Lesser, Luminara Unduli, Dooku, Bail Prestor Organa, R4-P17, Shaak Ti, Grievous, Tarfful, Raymus Antilles, Sly Moore, Tion Medon
18:03:37| 
18:03:37| Planets: 13
18:03:37| Tatooine, Alderaan, Dagobah, Naboo, Coruscant, Utapau, Mustafar, Kashyyyk, Polis Massa, Mygeeto, Felucia, Cato Neimoidia, Saleucami
18:03:37| Starships: 12
18:03:37| CR90 corvette, Droid control ship, Jedi starfighter, Trade Federation cruiser, Theta-class T-2c shuttle, Republic attack cruiser, Naboo star skiff, Jedi Interceptor, arc-170, Banking clan frigte, Belbullab-22 starfighter, V-wing
18:03:37| 
18:03:37| Vehicles: 13
18:03:37| Vulture Droid, LAAT/i, AT-TE, Neimoidian shuttle, Tsmeu-6 personal wheel bike, Emergency Firespeeder, Droid tri-fighter, Oevvaor jet catamaran, Raddaugh Gnasp fluttercraft, Clone turbo tank, Corporate Alliance tank droid, Droid gunship, AT-RT
18:03:37| 
18:03:37| Species: 20
18:03:37| Human, Droid, Wookie, Yoda species, Twi lek, Toong, Cerean, Tholothian, Iktotchi, Quermian, Kel Dor, Chagrian, Geonosian, Mirialan, Clawdite, Skakoan, Muun, Togruta, Kaleesh, Pau an
18:03:37| 
18:03:37| Total Time To complete = 7.10059630
18:03:37| There were 94 calls to the server
